<?xml version="1.0" encoding="UTF-8"?>
<testng-results skipped="0" failed="0" ignored="0" total="1" passed="1">
  <reporter-output>
  </reporter-output>
  <suite name="Default suite" duration-ms="12476" started-at="2017-09-20T16:13:12Z" finished-at="2017-09-20T16:13:25Z">
    <groups>
    </groups>
    <test name="Default test" duration-ms="12476" started-at="2017-09-20T16:13:12Z" finished-at="2017-09-20T16:13:25Z">
      <class name="Online.Ashotverfiy">
        <test-method status="PASS" signature="launchApp()[pri:0, instance:Online.Ashotverfiy@6cc4c815]" name="launchApp" is-config="true" duration-ms="10921" started-at="2017-09-20T21:43:12Z" finished-at="2017-09-20T21:43:23Z">
          <reporter-output>
          </reporter-output>
        </test-method> <!-- launchApp -->
        <test-method status="PASS" signature="logoVal()[pri:0, instance:Online.Ashotverfiy@6cc4c815]" name="logoVal" duration-ms="1136" started-at="2017-09-20T21:43:23Z" finished-at="2017-09-20T21:43:25Z">
          <reporter-output>
          </reporter-output>
        </test-method> <!-- logoVal -->
        <test-method status="PASS" signature="closebrowser()[pri:0, instance:Online.Ashotverfiy@6cc4c815]" name="closebrowser" is-config="true" duration-ms="384" started-at="2017-09-20T21:43:25Z" finished-at="2017-09-20T21:43:25Z">
          <reporter-output>
          </reporter-output>
        </test-method> <!-- closebrowser -->
      </class> <!-- Online.Ashotverfiy -->
    </test> <!-- Default test -->
  </suite> <!-- Default suite -->
</testng-results>
